2025-05-21 21:32:02,761 INFO o.a.j.u.JMeterUtils: Setting Locale to en_EN
2025-05-21 21:32:02,798 INFO o.a.j.JMeter: Loading user properties from: /usr/local/Cellar/jmeter/5.6.3/libexec/bin/user.properties
2025-05-21 21:32:02,800 INFO o.a.j.JMeter: Loading system properties from: /usr/local/Cellar/jmeter/5.6.3/libexec/bin/system.properties
2025-05-21 21:32:02,808 INFO o.a.j.JMeter: Copyright (c) 1998-2024 The Apache Software Foundation
2025-05-21 21:32:02,808 INFO o.a.j.JMeter: Version 5.6.3
2025-05-21 21:32:02,808 INFO o.a.j.JMeter: java.version=21.0.7
2025-05-21 21:32:02,808 INFO o.a.j.JMeter: java.vm.name=OpenJDK 64-Bit Server VM
2025-05-21 21:32:02,809 INFO o.a.j.JMeter: os.name=Mac OS X
2025-05-21 21:32:02,809 INFO o.a.j.JMeter: os.arch=x86_64
2025-05-21 21:32:02,809 INFO o.a.j.JMeter: os.version=13.7.4
2025-05-21 21:32:02,809 INFO o.a.j.JMeter: file.encoding=UTF-8
2025-05-21 21:32:02,809 INFO o.a.j.JMeter: java.awt.headless=true
2025-05-21 21:32:02,809 INFO o.a.j.JMeter: Max memory     =1073741824
2025-05-21 21:32:02,809 INFO o.a.j.JMeter: Available Processors =12
2025-05-21 21:32:02,824 INFO o.a.j.JMeter: Default Locale=English (EN)
2025-05-21 21:32:02,825 INFO o.a.j.JMeter: JMeter  Locale=English (EN)
2025-05-21 21:32:02,825 INFO o.a.j.JMeter: JMeterHome=/usr/local/Cellar/jmeter/5.6.3/libexec
2025-05-21 21:32:02,825 INFO o.a.j.JMeter: user.dir  =/Volumes/Work/TrenLop/SQA/HieuThuocNe
2025-05-21 21:32:02,825 INFO o.a.j.JMeter: PWD       =/Volumes/Work/TrenLop/SQA/HieuThuocNe
2025-05-21 21:32:02,831 INFO o.a.j.JMeter: IP: 192.168.100.252 Name: poorlaptopsMBP.lan FullName: poorlaptopsmbp.lan
2025-05-21 21:32:02,859 INFO o.a.j.s.FileServer: Default base='/Volumes/Work/TrenLop/SQA/HieuThuocNe'
2025-05-21 21:32:02,862 INFO o.a.j.s.FileServer: Set new base='/Volumes/Work/TrenLop/SQA/HieuThuocNe/docs/quan-ly-thuoc/giai-doan-6-system-test/jmeter'
2025-05-21 21:32:03,151 INFO o.a.j.s.SaveService: Testplan (JMX) version: 2.2. Testlog (JTL) version: 2.2
2025-05-21 21:32:03,211 INFO o.a.j.s.SaveService: Using SaveService properties version 5.0
2025-05-21 21:32:03,216 INFO o.a.j.s.SaveService: Using SaveService properties file encoding UTF-8
2025-05-21 21:32:03,220 INFO o.a.j.s.SaveService: Loading file: docs/quan-ly-thuoc/giai-doan-6-system-test/jmeter/QuanLyThuoc_TestPlan.jmx
2025-05-21 21:32:03,318 INFO o.a.j.p.h.s.HTTPSamplerBase: Parser for text/html is org.apache.jmeter.protocol.http.parser.LagartoBasedHtmlParser
2025-05-21 21:32:03,318 INFO o.a.j.p.h.s.HTTPSamplerBase: Parser for application/xhtml+xml is org.apache.jmeter.protocol.http.parser.LagartoBasedHtmlParser
2025-05-21 21:32:03,318 INFO o.a.j.p.h.s.HTTPSamplerBase: Parser for application/xml is org.apache.jmeter.protocol.http.parser.LagartoBasedHtmlParser
2025-05-21 21:32:03,319 INFO o.a.j.p.h.s.HTTPSamplerBase: Parser for text/xml is org.apache.jmeter.protocol.http.parser.LagartoBasedHtmlParser
2025-05-21 21:32:03,319 INFO o.a.j.p.h.s.HTTPSamplerBase: Parser for text/vnd.wap.wml is org.apache.jmeter.protocol.http.parser.RegexpHTMLParser
2025-05-21 21:32:03,319 INFO o.a.j.p.h.s.HTTPSamplerBase: Parser for text/css is org.apache.jmeter.protocol.http.parser.CssParser
2025-05-21 21:32:03,383 INFO o.a.j.JMeter: Creating summariser <summary>
2025-05-21 21:32:03,408 INFO o.a.j.e.StandardJMeterEngine: Running the test!
2025-05-21 21:32:03,409 INFO o.a.j.s.SampleEvent: List of sample_variables: []
2025-05-21 21:32:03,409 INFO o.a.j.s.SampleEvent: List of sample_variables: []
2025-05-21 21:32:03,417 INFO o.a.j.e.u.CompoundVariable: Note: Function class names must contain the string: '.functions.'
2025-05-21 21:32:03,417 INFO o.a.j.e.u.CompoundVariable: Note: Function class names must not contain the string: '.gui.'
2025-05-21 21:32:03,529 INFO o.a.j.r.ClassFinder: Will scan jar /usr/local/Cellar/jmeter/5.6.3/libexec/lib/ext/jmeter-plugins-manager-1.9.jar with filter ExtendsClassFilter [parents=[interface org.apache.jmeter.functions.Function], inner=false, contains=null, notContains=null]. Consider exposing JMeter plugins via META-INF/services, and add JMeter-Skip-Class-Scanning=true manifest attribute so JMeter can skip classfile scanning
2025-05-21 21:32:03,757 INFO o.a.j.JMeter: Running test (1747837923757)
2025-05-21 21:32:03,795 INFO o.a.j.e.StandardJMeterEngine: Starting ThreadGroup: 1 : Quản lý thuốc
2025-05-21 21:32:03,796 INFO o.a.j.e.StandardJMeterEngine: Starting 10 threads for group Quản lý thuốc.
2025-05-21 21:32:03,796 INFO o.a.j.e.StandardJMeterEngine: Thread will continue on error
2025-05-21 21:32:03,797 INFO o.a.j.t.ThreadGroup: Starting thread group... number=1 threads=10 ramp-up=5 delayedStart=false
2025-05-21 21:32:03,810 INFO o.a.j.t.JMeterThread: Thread started: Quản lý thuốc 1-1
2025-05-21 21:32:03,817 INFO o.a.j.t.ThreadGroup: Started thread group number 1
2025-05-21 21:32:03,818 INFO o.a.j.e.StandardJMeterEngine: All thread groups have been started
2025-05-21 21:32:03,863 INFO o.a.j.p.h.s.HTTPHCAbstractImpl: Local host = poorlaptopsMBP.lan
2025-05-21 21:32:03,878 INFO o.a.j.p.h.s.HTTPHC4Impl: HTTP request retry count = 0
2025-05-21 21:32:03,881 INFO o.a.j.s.SampleResult: Note: Sample TimeStamps are START times
2025-05-21 21:32:03,882 INFO o.a.j.s.SampleResult: sampleresult.default.encoding is set to UTF-8
2025-05-21 21:32:03,883 INFO o.a.j.s.SampleResult: sampleresult.useNanoTime=true
2025-05-21 21:32:03,883 INFO o.a.j.s.SampleResult: sampleresult.nanoThreadSleep=5000
2025-05-21 21:32:04,307 INFO o.a.j.t.JMeterThread: Thread started: Quản lý thuốc 1-2
2025-05-21 21:32:04,426 INFO o.a.j.r.Summariser: summary +      1 in 00:00:01 =    1.5/s Avg:   254 Min:   254 Max:   254 Err:     0 (0.00%) Active: 2 Started: 2 Finished: 0
2025-05-21 21:32:04,803 INFO o.a.j.t.JMeterThread: Thread started: Quản lý thuốc 1-3
2025-05-21 21:32:05,302 INFO o.a.j.t.JMeterThread: Thread started: Quản lý thuốc 1-4
2025-05-21 21:32:05,801 INFO o.a.j.t.JMeterThread: Thread started: Quản lý thuốc 1-5
2025-05-21 21:32:05,805 INFO o.a.j.t.JMeterThread: Thread is done: Quản lý thuốc 1-2
2025-05-21 21:32:05,806 INFO o.a.j.t.JMeterThread: Thread finished: Quản lý thuốc 1-2
2025-05-21 21:32:05,813 INFO o.a.j.t.JMeterThread: Thread is done: Quản lý thuốc 1-1
2025-05-21 21:32:05,813 INFO o.a.j.t.JMeterThread: Thread finished: Quản lý thuốc 1-1
2025-05-21 21:32:06,109 INFO o.a.j.t.JMeterThread: Thread is done: Quản lý thuốc 1-3
2025-05-21 21:32:06,109 INFO o.a.j.t.JMeterThread: Thread finished: Quản lý thuốc 1-3
2025-05-21 21:32:06,301 INFO o.a.j.t.JMeterThread: Thread started: Quản lý thuốc 1-6
2025-05-21 21:32:06,493 INFO o.a.j.t.JMeterThread: Thread is done: Quản lý thuốc 1-4
2025-05-21 21:32:06,494 INFO o.a.j.t.JMeterThread: Thread finished: Quản lý thuốc 1-4
2025-05-21 21:32:06,801 INFO o.a.j.t.JMeterThread: Thread started: Quản lý thuốc 1-7
2025-05-21 21:32:07,118 INFO o.a.j.t.JMeterThread: Thread is done: Quản lý thuốc 1-5
2025-05-21 21:32:07,119 INFO o.a.j.t.JMeterThread: Thread finished: Quản lý thuốc 1-5
2025-05-21 21:32:07,303 INFO o.a.j.t.JMeterThread: Thread started: Quản lý thuốc 1-8
2025-05-21 21:32:07,800 INFO o.a.j.t.JMeterThread: Thread started: Quản lý thuốc 1-9
2025-05-21 21:32:07,823 INFO o.a.j.t.JMeterThread: Thread is done: Quản lý thuốc 1-6
2025-05-21 21:32:07,823 INFO o.a.j.t.JMeterThread: Thread finished: Quản lý thuốc 1-6
2025-05-21 21:32:08,245 INFO o.a.j.t.JMeterThread: Thread is done: Quản lý thuốc 1-7
2025-05-21 21:32:08,245 INFO o.a.j.t.JMeterThread: Thread finished: Quản lý thuốc 1-7
2025-05-21 21:32:08,302 INFO o.a.j.t.JMeterThread: Thread started: Quản lý thuốc 1-10
2025-05-21 21:32:08,617 INFO o.a.j.t.JMeterThread: Thread is done: Quản lý thuốc 1-8
2025-05-21 21:32:08,618 INFO o.a.j.t.JMeterThread: Thread finished: Quản lý thuốc 1-8
2025-05-21 21:32:08,958 INFO o.a.j.t.JMeterThread: Thread is done: Quản lý thuốc 1-9
2025-05-21 21:32:08,959 INFO o.a.j.t.JMeterThread: Thread finished: Quản lý thuốc 1-9
2025-05-21 21:32:09,252 INFO o.a.j.t.JMeterThread: Thread is done: Quản lý thuốc 1-10
2025-05-21 21:32:09,253 INFO o.a.j.t.JMeterThread: Thread finished: Quản lý thuốc 1-10
2025-05-21 21:32:09,253 INFO o.a.j.e.StandardJMeterEngine: Notifying test listeners of end of test
2025-05-21 21:32:09,254 INFO o.a.j.r.Summariser: summary +    149 in 00:00:05 =   30.9/s Avg:    86 Min:    10 Max:   319 Err:     0 (0.00%) Active: 0 Started: 10 Finished: 10
2025-05-21 21:32:09,254 INFO o.a.j.r.Summariser: summary =    150 in 00:00:05 =   27.3/s Avg:    87 Min:    10 Max:   319 Err:     0 (0.00%)
